<?xml version="1.0" encoding="UTF-8"?>
<!-- Generated by org.testng.reporters.JUnitXMLReporter -->
<testsuite ignored="0" hostname="WINDOWS-SBM5E6C" failures="0" tests="5" name="Default test" time="48.224" errors="0" timestamp="2022-02-26T09:51:54 IST">
  <testcase classname="UiBanK_Uipath.Login_into_Uibank_withDataProvider" name="Login_Runner" time="3.597"/>
  <testcase classname="UiBanK_Uipath.Login_into_Uibank_withDataProvider" name="Login_Runner" time="5.223"/>
  <testcase classname="UiBanK_Uipath.Login_into_Uibank_withDataProvider" name="Login_Runner" time="5.318"/>
  <testcase classname="UiBanK_Uipath.Login_into_Uibank_withDataProvider" name="Login_Runner" time="5.152"/>
  <testcase classname="UiBanK_Uipath.Login_into_Uibank_withDataProvider" name="Login_Runner" time="5.146"/>
</testsuite> <!-- Default test -->
