<?xml version="1.0" encoding="UTF-8"?>
<testng-results ignored="0" total="1" passed="1" failed="0" skipped="0">
  <reporter-output>
  </reporter-output>
  <suite started-at="2022-03-01T20:03:57 IST" name="Suite" finished-at="2022-03-01T20:04:13 IST" duration-ms="16122">
    <groups>
    </groups>
    <test started-at="2022-03-01T20:03:57 IST" name="Test" finished-at="2022-03-01T20:04:13 IST" duration-ms="16122">
      <class name="UiBanK_Uipath.Login_with_PositiveData">
        <test-method is-config="true" signature="intiliaseFiles()[pri:0, instance:UiBanK_Uipath.Login_with_PositiveData@316bcf94]" started-at="2022-03-01T20:03:55 IST" name="intiliaseFiles" finished-at="2022-03-01T20:03:57 IST" duration-ms="2179" status="PASS">
          <reporter-output>
          </reporter-output>
        </test-method> <!-- intiliaseFiles -->
        <test-method is-config="true" signature="OpenBrowserAndURL()[pri:0, instance:UiBanK_Uipath.Login_with_PositiveData@316bcf94]" started-at="2022-03-01T20:03:57 IST" name="OpenBrowserAndURL" finished-at="2022-03-01T20:04:04 IST" duration-ms="7472" status="PASS">
          <reporter-output>
          </reporter-output>
        </test-method> <!-- OpenBrowserAndURL -->
        <test-method signature="Login_Runner_onlyPasitiveData()[pri:0, instance:UiBanK_Uipath.Login_with_PositiveData@316bcf94]" started-at="2022-03-01T20:04:04 IST" name="Login_Runner_onlyPasitiveData" finished-at="2022-03-01T20:04:08 IST" duration-ms="3716" status="PASS">
          <reporter-output>
          </reporter-output>
        </test-method> <!-- Login_Runner_onlyPasitiveData -->
        <test-method is-config="true" signature="closeBroser()[pri:0, instance:UiBanK_Uipath.Login_with_PositiveData@316bcf94]" started-at="2022-03-01T20:04:08 IST" name="closeBroser" finished-at="2022-03-01T20:04:12 IST" duration-ms="4228" status="PASS">
          <reporter-output>
          </reporter-output>
        </test-method> <!-- closeBroser -->
        <test-method is-config="true" signature="FLushReports()[pri:0, instance:UiBanK_Uipath.Login_with_PositiveData@316bcf94]" started-at="2022-03-01T20:04:12 IST" name="FLushReports" finished-at="2022-03-01T20:04:13 IST" duration-ms="634" status="PASS">
          <reporter-output>
          </reporter-output>
        </test-method> <!-- FLushReports -->
      </class> <!-- UiBanK_Uipath.Login_with_PositiveData -->
    </test> <!-- Test -->
  </suite> <!-- Suite -->
</testng-results>
